2024/07/24 13:17:47 Starting server in development environment
2024/07/24 13:18:18 map[fromPort:Acitrezza toPort:New Glasgow]
2024/07/24 13:18:18 Origin: 15.153721, 37.561020
2024/07/24 13:18:18 Destination: -62.633333, 45.600000
2024/07/24 13:18:18 splitCoords.geojson exists. Reading splitCoords.geojson file.
2024/07/24 13:18:18 First waypoint:  [15.1702 37.4719]
2024/07/24 13:18:18 Last waypoint:  [-62.5 45.9]
2024/07/24 13:18:18 Waypoints: [[-62.5 45.9] [-60.2 47.75] [-54 46.1] [-52.7 46.8] [-46.5495 48.5745] [-40 50] [-30 50] [-9.25 36.8] [-5.75 35.95] [-5.26938 35.97289] [-4.7 36] [3.1 37.2] [7.5 37.4] [11 37.5] [15.2 36.4] [15.346 37.1486] [15.1702 37.4719]]
2024/07/24 13:18:18 Origin to First Waypoint: 10.015738 Km
2024/07/24 13:18:18 Waypoint Distance: 7177.380828 Km
2024/07/24 13:18:18 Last Waypoint to Destination: 34.925850 Km
2024/07/24 13:18:18 Total Distance: 7222.322417 Km
2024/08/03 13:36:04 Starting server in development environment
2024/08/03 13:36:37 map[fromPort:Acquaviva Picena toPort:Kabul]
2024/08/03 13:36:37 Origin: 13.480000, 42.560000
2024/08/03 13:36:37 Destination: 69.160652, 34.543896
2024/08/03 13:36:37 splitCoords.geojson exists. Reading splitCoords.geojson file.
2024/08/03 13:36:37 First waypoint:  [13.9769 42.75155]
2024/08/03 13:36:37 Last waypoint:  [66.9757 24.81741]
2024/08/03 13:36:37 Waypoints: [[66.9757 24.81741] [66.6 24.3] [62.37598 21.44044] [59 20] [54.2 16.2] [49.5581 14.1436] [45 12] [43.3 12.7] [42 15] [41.2 16.3] [38.9 20.75] [37 23.6] [34.5 27] [33.75 27.9] [32.6 29.7] [32.55798 30.21398] [32.3822 30.31836] [32.30667 30.94581] [32.38716 31.29812] [32.1 31.7] [27.2 36.2] [27.00278 36.54711] [26.47855 36.66775] [25.79412 36.73975] [25.09028 36.88354] [24.91796 36.94175] [24.52236 37.23797] [24.11462 37.4425] [23.9657 37.5496] [23.6425 37.8192] [23.17535 37.88071] [23.0273 37.91327] [22.82829 38.02424] [21.9041 38.3486] [21.1468 38.2266] [20.4876 38.5495] [18.9 40.1] [17.3 41.4] [15.9667 42.022] [14.0771 42.7564] [13.9769 42.75155]]
2024/08/03 13:36:37 Origin to First Waypoint: 45.878693 Km
2024/08/03 13:36:37 Waypoint Distance: 7469.330904 Km
2024/08/03 13:36:37 Last Waypoint to Destination: 1101.844614 Km
2024/08/03 13:36:37 Total Distance: 8617.054211 Km
